<?xml version="1.0" encoding="UTF-8"?>
<robot generator="Robot 7.4.2 (Python 3.12.10 on win32)" generated="2026-03-15T20:41:25.202911" rpa="false" schemaversion="5">
<suite id="s1" name="Projectselfmade" source="C:\Sajat\informatika\c#\projectselfmade">
<suite id="s1-s1" name="Tests" source="C:\Sajat\informatika\c#\projectselfmade\tests">
<suite id="s1-s1-s1" name="LoginValidation" source="C:\Sajat\informatika\c#\projectselfmade\tests\LoginValidation.robot">
<test id="s1-s1-s1-t1" name="Valid Login" line="5">
<kw name="Open Browser" owner="Selenium2Library">
<msg time="2026-03-15T20:41:25.471133" level="INFO">Opening browser 'chrome' to base url 'http://localhost:3000/homepage.html'.</msg>
<arg>http://localhost:3000/homepage.html</arg>
<arg>chrome</arg>
<doc>Opens a new browser instance to the optional ``url``.</doc>
<status status="PASS" start="2026-03-15T20:41:25.471133" elapsed="1.566324"/>
</kw>
<kw name="Sleep" owner="BuiltIn">
<msg time="2026-03-15T20:41:29.039213" level="INFO">Slept 2 seconds.</msg>
<arg>2s</arg>
<doc>Pauses the test executed for the given time.</doc>
<status status="PASS" start="2026-03-15T20:41:27.037457" elapsed="2.002263"/>
</kw>
<kw name="Close Browser" owner="Selenium2Library">
<doc>Closes the current browser.</doc>
<status status="PASS" start="2026-03-15T20:41:29.039720" elapsed="2.281638"/>
</kw>
<status status="PASS" start="2026-03-15T20:41:25.469017" elapsed="5.852341"/>
</test>
<status status="PASS" start="2026-03-15T20:41:25.254417" elapsed="6.074189"/>
</suite>
<status status="PASS" start="2026-03-15T20:41:25.246538" elapsed="6.087204"/>
</suite>
<status status="PASS" start="2026-03-15T20:41:25.217675" elapsed="6.130441"/>
</suite>
<statistics>
<total>
<stat pass="1" fail="0" skip="0">All Tests</stat>
</total>
<tag>
</tag>
<suite>
<stat name="Projectselfmade" id="s1" pass="1" fail="0" skip="0">Projectselfmade</stat>
<stat name="Tests" id="s1-s1" pass="1" fail="0" skip="0">Projectselfmade.Tests</stat>
<stat name="LoginValidation" id="s1-s1-s1" pass="1" fail="0" skip="0">Projectselfmade.Tests.LoginValidation</stat>
</suite>
</statistics>
<errors>
</errors>
</robot>
